d:\programiranje\visual c++\diplomski (remake)\diplomski (remake)\x64\debug\vc140.pdb
d:\programiranje\visual c++\diplomski (remake)\diplomski (remake)\x64\debug\vc140.idb
d:\programiranje\visual c++\diplomski (remake)\diplomski (remake)\x64\debug\background_subtraction.obj
d:\programiranje\visual c++\diplomski (remake)\diplomski (remake)\x64\debug\config_parsing.obj
d:\programiranje\visual c++\diplomski (remake)\diplomski (remake)\x64\debug\field_background.obj
d:\programiranje\visual c++\diplomski (remake)\diplomski (remake)\x64\debug\field_flood.obj
d:\programiranje\visual c++\diplomski (remake)\diplomski (remake)\x64\debug\field_model.obj
d:\programiranje\visual c++\diplomski (remake)\diplomski (remake)\x64\debug\field_tracking.obj
d:\programiranje\visual c++\diplomski (remake)\diplomski (remake)\x64\debug\gnuplot_i.obj
d:\programiranje\visual c++\diplomski (remake)\diplomski (remake)\x64\debug\main.obj
d:\programiranje\visual c++\diplomski (remake)\diplomski (remake)\x64\debug\player_detection.obj
d:\programiranje\visual c++\diplomski (remake)\diplomski (remake)\x64\debug\point_mapping.obj
d:\programiranje\visual c++\diplomski (remake)\diplomski (remake)\x64\debug\preprocessing.obj
d:\programiranje\visual c++\diplomski (remake)\diplomski (remake)\x64\debug\time_measurement.obj
d:\programiranje\visual c++\diplomski (remake)\diplomski (remake)\x64\debug\util.obj
d:\programiranje\visual c++\diplomski (remake)\diplomski (remake)\x64\debug\video_manager.obj
d:\programiranje\visual c++\diplomski (remake)\diplomski (remake)\x64\debug\window_manager.obj
d:\programiranje\visual c++\diplomski (remake)\diplomski (remake)\x64\debug\inputs.obj
d:\programiranje\visual c++\diplomski (remake)\diplomski (remake)\x64\debug\globals.obj
d:\programiranje\visual c++\diplomski (remake)\diplomski (remake)\x64\debug\min_edge_cover.obj
d:\programiranje\visual c++\diplomski (remake)\diplomski (remake)\x64\debug\tracks_filtering.obj
d:\programiranje\visual c++\diplomski (remake)\diplomski (remake)\x64\debug\track_drawing.obj
d:\programiranje\visual c++\diplomski (remake)\diplomski (remake)\x64\debug\player_tracking.obj
d:\programiranje\visual c++\diplomski (remake)\diplomski (remake)\x64\debug\tmp_files_write.obj
d:\programiranje\visual c++\diplomski (remake)\x64\debug\diplomski (remake).ilk
d:\programiranje\visual c++\diplomski (remake)\x64\debug\diplomski (remake).exe
d:\programiranje\visual c++\diplomski (remake)\x64\debug\diplomski (remake).pdb
d:\programiranje\visual c++\diplomski (remake)\diplomski (remake)\x64\debug\diplomsk.93766226.tlog\cl.command.1.tlog
d:\programiranje\visual c++\diplomski (remake)\diplomski (remake)\x64\debug\diplomsk.93766226.tlog\cl.read.1.tlog
d:\programiranje\visual c++\diplomski (remake)\diplomski (remake)\x64\debug\diplomsk.93766226.tlog\cl.write.1.tlog
d:\programiranje\visual c++\diplomski (remake)\diplomski (remake)\x64\debug\diplomsk.93766226.tlog\link.command.1.tlog
d:\programiranje\visual c++\diplomski (remake)\diplomski (remake)\x64\debug\diplomsk.93766226.tlog\link.read.1.tlog
d:\programiranje\visual c++\diplomski (remake)\diplomski (remake)\x64\debug\diplomsk.93766226.tlog\link.write.1.tlog
